<?xml version="1.0" encoding="UTF-8"?>
<!-- Generated by org.testng.reporters.JUnitReportReporter -->
<testsuite hostname="DESKTOP-S6M0EFI" failures="0" tests="1" name="learningTestNG_12Mar_2023.Mistakes_WhileUsing_TestNG" time="0.011" errors="0" timestamp="2023-05-06T12:14:49 EDT" skipped="0">
  <testcase classname="learningTestNG_12Mar_2023.Mistakes_WhileUsing_TestNG" name="testcase1" time="0.011"/>
  <system-out/>
</testsuite> <!-- learningTestNG_12Mar_2023.Mistakes_WhileUsing_TestNG -->
