<?xml version="1.0" encoding="UTF-8"?>
<!-- Generated by org.testng.reporters.JUnitReportReporter -->
<testsuite hostname="DESKTOP-S6M0EFI" failures="0" tests="2" name="learningTestNG_12Mar_2023.ImportanceOfBM_Test_AM" time="0.009" errors="0" timestamp="2023-04-28T15:37:13 EDT" skipped="0">
  <testcase classname="learningTestNG_12Mar_2023.ImportanceOfBM_Test_AM" name="testCase1" time="0.006"/>
  <system-out/>
  <testcase classname="learningTestNG_12Mar_2023.ImportanceOfBM_Test_AM" name="testCase2" time="0.003"/>
  <system-out/>
</testsuite> <!-- learningTestNG_12Mar_2023.ImportanceOfBM_Test_AM -->
