<?xml version="1.0" encoding="UTF-8"?>
<!-- Generated by org.testng.reporters.JUnitReportReporter -->
<testsuite hostname="DESKTOP-S6M0EFI" failures="0" tests="1" name="learningtestNG_12Mar_2023.TestNG_Annotations" time="0.005" errors="0" timestamp="2023-04-28T14:21:01 EDT" skipped="0">
  <testcase classname="learningtestNG_12Mar_2023.TestNG_Annotations" name="testCase2Annotation" time="0.005"/>
  <system-out/>
</testsuite> <!-- learningtestNG_12Mar_2023.TestNG_Annotations -->
