<?xml version="1.0" encoding="UTF-8"?>
<!-- Generated by org.testng.reporters.JUnitReportReporter -->
<testsuite hostname="DESKTOP-S6M0EFI" failures="0" tests="2" name="com.automationcode_19th_Mar_2023.IntroductionToXpaths" time="11.288" errors="0" timestamp="2023-05-26T00:41:34 EDT" skipped="0">
  <testcase classname="com.automationcode_19th_Mar_2023.IntroductionToXpaths" name="loginCredentials" time="7.273"/>
  <system-out/>
  <testcase classname="com.automationcode_19th_Mar_2023.IntroductionToXpaths" name="clickOnSignInLink" time="4.015"/>
  <system-out/>
</testsuite> <!-- com.automationcode_19th_Mar_2023.IntroductionToXpaths -->
