<?xml version="1.0" encoding="UTF-8"?>
<!-- Generated by org.testng.reporters.JUnitReportReporter -->
<testsuite hostname="DESKTOP-S6M0EFI" failures="0" tests="7" name="com.testngcode_18thMar_2023.InvocationCountsUse" time="0.013" errors="0" timestamp="2023-05-17T22:52:35 EDT" skipped="0">
  <testcase classname="com.testngcode_18thMar_2023.InvocationCountsUse" name="sample1" time="0.007"/>
  <system-out/>
  <testcase classname="com.testngcode_18thMar_2023.InvocationCountsUse" name="sample2" time="0.001"/>
  <system-out/>
  <testcase classname="com.testngcode_18thMar_2023.InvocationCountsUse" name="sample3" time="0.001"/>
  <system-out/>
  <testcase classname="com.testngcode_18thMar_2023.InvocationCountsUse" name="sample3" time="0.001"/>
  <system-out/>
  <testcase classname="com.testngcode_18thMar_2023.InvocationCountsUse" name="sample3" time="0.001"/>
  <system-out/>
  <testcase classname="com.testngcode_18thMar_2023.InvocationCountsUse" name="sample3" time="0.001"/>
  <system-out/>
  <testcase classname="com.testngcode_18thMar_2023.InvocationCountsUse" name="sample3" time="0.001"/>
  <system-out/>
</testsuite> <!-- com.testngcode_18thMar_2023.InvocationCountsUse -->
